{
  "RSpec": {
    "coverage": {
      "/home/bhoopendra/rails_work/demo1/app/models/auth_token.rb": {
        "lines": [
          1,
          1,
          null
        ]
      },
      "/home/bhoopendra/rails_work/demo1/app/models/application_record.rb": {
        "lines": [
          1,
          1,
          null
        ]
      },
      "/home/bhoopendra/rails_work/demo1/spec/models/url_spec.rb": {
        "lines": [
          1,
          null,
          1,
          1,
          1,
          1,
          1,
          null,
          null,
          1,
          1,
          1,
          1,
          null,
          null,
          1,
          1,
          1,
          1,
          null,
          null,
          null,
          1,
          1,
          1,
          1,
          1,
          null,
          null,
          null
        ]
      },
      "/home/bhoopendra/rails_work/demo1/app/models/url.rb": {
        "lines": [
          1,
          1,
          null,
          1,
          null,
          1,
          null,
          1,
          4,
          4,
          4,
          null,
          null,
          null,
          null
        ]
      },
      "/home/bhoopendra/rails_work/demo1/spec/requests/api/urls_spec.rb": {
        "lines": [
          1,
          null,
          1,
          2,
          2,
          7,
          6,
          null,
          1,
          1,
          1,
          1,
          1,
          1,
          1,
          null,
          null,
          null,
          1,
          1,
          1,
          1,
          1,
          1,
          null,
          null,
          1,
          1,
          1,
          1,
          1,
          null,
          null,
          null,
          null,
          1,
          3,
          null,
          1,
          1,
          1,
          1,
          1,
          1,
          null,
          null,
          null,
          null,
          null,
          null,
          null,
          1,
          1,
          1,
          1,
          1,
          1,
          null,
          null,
          null,
          null,
          1,
          1,
          1,
          1,
          1,
          1,
          null,
          null,
          null
        ]
      },
      "/home/bhoopendra/rails_work/demo1/app/controllers/api/urls_controller.rb": {
        "lines": [
          1,
          1,
          null,
          1,
          1,
          1,
          null,
          null,
          1,
          3,
          3,
          1,
          null,
          2,
          null,
          null,
          null,
          1,
          2,
          1,
          null,
          1,
          null,
          null,
          null,
          null
        ]
      },
      "/home/bhoopendra/rails_work/demo1/app/controllers/application_controller.rb": {
        "lines": [
          1,
          1,
          1,
          null,
          1,
          5,
          5,
          null,
          null,
          null
        ]
      }
    },
    "timestamp": 1737107400
  }
}
